WARNING: A restricted method in java.lang.System has been called
WARNING: java.lang.System::load has been called by org.fusesource.jansi.internal.JansiLoader in an unnamed module (file:/Users/shresthchauhan/.m2/wrapper/dists/apache-maven-3.9.9-bin/33b4b2b4/apache-maven-3.9.9/lib/jansi-2.4.1.jar)
WARNING: Use --enable-native-access=ALL-UNNAMED to avoid a warning for callers in this module
WARNING: Restricted methods will be blocked in a future release unless native access is enabled

WARNING: A terminally deprecated method in sun.misc.Unsafe has been called
WARNING: sun.misc.Unsafe::objectFieldOffset has been called by com.google.common.util.concurrent.AbstractFuture$UnsafeAtomicHelper (file:/Users/shresthchauhan/.m2/wrapper/dists/apache-maven-3.9.9-bin/33b4b2b4/apache-maven-3.9.9/lib/guava-33.2.1-jre.jar)
WARNING: Please consider reporting this to the maintainers of class com.google.common.util.concurrent.AbstractFuture$UnsafeAtomicHelper
WARNING: sun.misc.Unsafe::objectFieldOffset will be removed in a future release
[INFO] Scanning for projects...
[INFO] 
[INFO] -----------------------< com.interview:platform >-----------------------
[INFO] Building interview-platform 0.0.1-SNAPSHOT
[INFO]   from pom.xml
[INFO] --------------------------------[ jar ]---------------------------------
[INFO] 
[INFO] >>> spring-boot:3.2.2:run (default-cli) > test-compile @ platform >>>
[INFO] 
[INFO] --- resources:3.3.1:resources (default-resources) @ platform ---
[INFO] Copying 2 resources from src/main/resources to target/classes
[INFO] Copying 4 resources from src/main/resources to target/classes
[INFO] 
[INFO] --- compiler:3.13.0:compile (default-compile) @ platform ---
[INFO] Nothing to compile - all classes are up to date.
[INFO] 
[INFO] --- resources:3.3.1:testResources (default-testResources) @ platform ---
[INFO] Copying 2 resources from src/test/resources to target/test-classes
[INFO] 
[INFO] --- compiler:3.13.0:testCompile (default-testCompile) @ platform ---
[INFO] Nothing to compile - all classes are up to date.
[INFO] 
[INFO] <<< spring-boot:3.2.2:run (default-cli) < test-compile @ platform <<<
[INFO] 
[INFO] 
[INFO] --- spring-boot:3.2.2:run (default-cli) @ platform ---
[INFO] Attaching agents: []
Standard Commons Logging discovery in action with spring-jcl: please remove commons-logging.jar from classpath in order to avoid potential conflicts

  .   ____          _            __ _ _
 /\\ / ___'_ __ _ _(_)_ __  __ _ \ \ \ \
( ( )\___ | '_ | '_| | '_ \/ _` | \ \ \ \
 \\/  ___)| |_)| | | | | || (_| |  ) ) ) )
  '  |____| .__|_| |_|_| |_\__, | / / / /
 =========|_|==============|___/=/_/_/_/
 :: Spring Boot ::                (v3.2.2)

2026-03-09T19:53:28.133+05:30  INFO 28785 --- [           main] c.i.p.InterviewPlatformApplication       : Starting InterviewPlatformApplication using Java 25.0.1 with PID 28785 (/Users/shresthchauhan/Documents/Projects/ai Interview/ai-interveiwprep/backend/target/classes started by shresthchauhan in /Users/shresthchauhan/Documents/Projects/ai Interview/ai-interveiwprep/backend)
2026-03-09T19:53:28.133+05:30  INFO 28785 --- [           main] c.i.p.InterviewPlatformApplication       : No active profile set, falling back to 1 default profile: "default"
2026-03-09T19:53:28.471+05:30  INFO 28785 --- [           main] .s.d.r.c.RepositoryConfigurationDelegate : Bootstrapping Spring Data JPA repositories in DEFAULT mode.
2026-03-09T19:53:28.491+05:30  INFO 28785 --- [           main] .s.d.r.c.RepositoryConfigurationDelegate : Finished Spring Data repository scanning in 18 ms. Found 9 JPA repository interfaces.
WARNING: A restricted method in java.lang.System has been called
WARNING: java.lang.System::load has been called by org.apache.tomcat.jni.Library in an unnamed module (file:/Users/shresthchauhan/.m2/repository/org/apache/tomcat/embed/tomcat-embed-core/10.1.18/tomcat-embed-core-10.1.18.jar)
WARNING: Use --enable-native-access=ALL-UNNAMED to avoid a warning for callers in this module
WARNING: Restricted methods will be blocked in a future release unless native access is enabled

2026-03-09T19:53:28.828+05:30  INFO 28785 --- [           main] o.s.b.w.embedded.tomcat.TomcatWebServer  : Tomcat initialized with port 8081 (http)
2026-03-09T19:53:28.832+05:30  INFO 28785 --- [           main] o.apache.catalina.core.StandardService   : Starting service [Tomcat]
2026-03-09T19:53:28.832+05:30  INFO 28785 --- [           main] o.apache.catalina.core.StandardEngine    : Starting Servlet engine: [Apache Tomcat/10.1.18]
2026-03-09T19:53:28.849+05:30  INFO 28785 --- [           main] o.a.c.c.C.[Tomcat].[localhost].[/]       : Initializing Spring embedded WebApplicationContext
2026-03-09T19:53:28.849+05:30  INFO 28785 --- [           main] w.s.c.ServletWebServerApplicationContext : Root WebApplicationContext: initialization completed in 702 ms
Standard Commons Logging discovery in action with spring-jcl: please remove commons-logging.jar from classpath in order to avoid potential conflicts
2026-03-09T19:53:28.984+05:30  INFO 28785 --- [           main] com.zaxxer.hikari.HikariDataSource       : HikariPool-1 - Starting...
2026-03-09T19:53:29.114+05:30  INFO 28785 --- [           main] com.zaxxer.hikari.pool.HikariPool        : HikariPool-1 - Added connection com.mysql.cj.jdbc.ConnectionImpl@f42336c
2026-03-09T19:53:29.115+05:30  INFO 28785 --- [           main] com.zaxxer.hikari.HikariDataSource       : HikariPool-1 - Start completed.
2026-03-09T19:53:29.145+05:30  INFO 28785 --- [           main] o.f.c.internal.license.VersionPrinter    : Flyway Community Edition 9.22.3 by Redgate
2026-03-09T19:53:29.145+05:30  INFO 28785 --- [           main] o.f.c.internal.license.VersionPrinter    : See release notes here: https://rd.gt/416ObMi
2026-03-09T19:53:29.145+05:30  INFO 28785 --- [           main] o.f.c.internal.license.VersionPrinter    : 
2026-03-09T19:53:29.158+05:30  INFO 28785 --- [           main] org.flywaydb.core.FlywayExecutor         : Database: jdbc:mysql://localhost:3306/interview_platform (MySQL 8.0)
2026-03-09T19:53:29.182+05:30  INFO 28785 --- [           main] o.f.core.internal.command.DbValidate     : Successfully validated 4 migrations (execution time 00:00.012s)
2026-03-09T19:53:29.193+05:30  INFO 28785 --- [           main] o.f.core.internal.command.DbMigrate      : Current version of schema `interview_platform`: 4
2026-03-09T19:53:29.194+05:30  INFO 28785 --- [           main] o.f.core.internal.command.DbMigrate      : Schema `interview_platform` is up to date. No migration necessary.
2026-03-09T19:53:29.235+05:30  INFO 28785 --- [           main] o.hibernate.jpa.internal.util.LogHelper  : HHH000204: Processing PersistenceUnitInfo [name: default]
2026-03-09T19:53:29.255+05:30  INFO 28785 --- [           main] org.hibernate.Version                    : HHH000412: Hibernate ORM core version 6.4.1.Final
2026-03-09T19:53:29.266+05:30  INFO 28785 --- [           main] o.h.c.internal.RegionFactoryInitiator    : HHH000026: Second-level cache disabled
2026-03-09T19:53:29.333+05:30  INFO 28785 --- [           main] o.s.o.j.p.SpringPersistenceUnitInfo      : No LoadTimeWeaver setup: ignoring JPA class transformer
2026-03-09T19:53:29.354+05:30  WARN 28785 --- [           main] org.hibernate.orm.deprecation            : HHH90000025: MySQLDialect does not need to be specified explicitly using 'hibernate.dialect' (remove the property setting and it will be selected by default)
2026-03-09T19:53:29.671+05:30  INFO 28785 --- [           main] o.h.e.t.j.p.i.JtaPlatformInitiator       : HHH000489: No JTA platform available (set 'hibernate.transaction.jta.platform' to enable JTA platform integration)
2026-03-09T19:53:29.689+05:30  INFO 28785 --- [           main] j.LocalContainerEntityManagerFactoryBean : Initialized JPA EntityManagerFactory for persistence unit 'default'
2026-03-09T19:53:29.714+05:30  INFO 28785 --- [           main] c.i.platform.config.SecurityConfig       : CORS configured with allowed origins: http://localhost:3002
2026-03-09T19:53:29.716+05:30  INFO 28785 --- [           main] c.i.platform.config.StorageConfig        : Local file storage initialized: path=/Users/shresthchauhan/Documents/Projects/ai Interview/ai-interveiwprep/backend/uploads (configured as './uploads'), baseUrl=http://localhost:8081
2026-03-09T19:53:29.894+05:30  INFO 28785 --- [           main] c.i.platform.controller.FileController   : FileController initialized with storage root: /Users/shresthchauhan/Documents/Projects/ai Interview/ai-interveiwprep/backend/uploads
2026-03-09T19:53:29.907+05:30  INFO 28785 --- [           main] o.s.d.j.r.query.QueryEnhancerFactory     : Hibernate is in classpath; If applicable, HQL parser will be used.
2026-03-09T19:53:30.141+05:30  INFO 28785 --- [           main] c.i.platform.config.ResilienceConfig     : Resilience4j RetryRegistry initialized: maxAttempts=3, waitDuration=1000ms, backoffMultiplier=2.0
2026-03-09T19:53:30.152+05:30  INFO 28785 --- [           main] c.i.platform.config.ResilienceConfig     : Resilience4j CircuitBreakerRegistry initialized: failureRateThreshold=50.0%, slidingWindowSize=10, waitDurationInOpenState=60s
2026-03-09T19:53:30.164+05:30  INFO 28785 --- [           main] c.i.p.service.VideoStorageService        : VideoStorageService initialized with basePath: /Users/shresthchauhan/Documents/Projects/ai Interview/ai-interveiwprep/backend/uploads
2026-03-09T19:53:30.285+05:30  WARN 28785 --- [           main] JpaBaseConfiguration$JpaWebConfiguration : spring.jpa.open-in-view is enabled by default. Therefore, database queries may be performed during view rendering. Explicitly configure spring.jpa.open-in-view to disable this warning
2026-03-09T19:53:30.458+05:30  INFO 28785 --- [           main] o.s.b.a.e.web.EndpointLinksResolver      : Exposing 1 endpoint(s) beneath base path '/actuator'
2026-03-09T19:53:30.505+05:30  INFO 28785 --- [           main] o.s.s.web.DefaultSecurityFilterChain     : Will secure any request with [org.springframework.security.web.session.DisableEncodeUrlFilter@dfa6f48, org.springframework.security.web.context.request.async.WebAsyncManagerIntegrationFilter@6aaaa66b, org.springframework.security.web.context.SecurityContextHolderFilter@5e4168dd, org.springframework.security.web.header.HeaderWriterFilter@536d655f, org.springframework.web.filter.CorsFilter@2f38b35e, org.springframework.security.web.authentication.logout.LogoutFilter@131af11d, com.interview.platform.config.JwtAuthenticationFilter@78eafad, org.springframework.security.web.savedrequest.RequestCacheAwareFilter@76982efa, org.springframework.security.web.servletapi.SecurityContextHolderAwareRequestFilter@237b93f5, org.springframework.security.web.authentication.AnonymousAuthenticationFilter@7e98be9f, org.springframework.security.web.session.SessionManagementFilter@705448e7, org.springframework.security.web.access.ExceptionTranslationFilter@390d47db, org.springframework.security.web.access.intercept.AuthorizationFilter@698cc99d]
2026-03-09T19:53:30.849+05:30  INFO 28785 --- [           main] o.s.b.w.embedded.tomcat.TomcatWebServer  : Tomcat started on port 8081 (http) with context path ''
2026-03-09T19:53:30.857+05:30  INFO 28785 --- [           main] c.i.p.InterviewPlatformApplication       : Started InterviewPlatformApplication in 2.841 seconds (process running for 2.952)
2026-03-09T19:54:14.663+05:30  INFO 28785 --- [omcat-handler-0] o.a.c.c.C.[Tomcat].[localhost].[/]       : Initializing Spring DispatcherServlet 'dispatcherServlet'
2026-03-09T19:54:14.664+05:30  INFO 28785 --- [omcat-handler-0] o.s.web.servlet.DispatcherServlet        : Initializing Servlet 'dispatcherServlet'
2026-03-09T19:54:14.665+05:30  INFO 28785 --- [omcat-handler-0] o.s.web.servlet.DispatcherServlet        : Completed initialization in 1 ms
2026-03-09T19:54:22.125+05:30  INFO 28785 --- [ionShutdownHook] j.LocalContainerEntityManagerFactoryBean : Closing JPA EntityManagerFactory for persistence unit 'default'
2026-03-09T19:54:22.127+05:30  INFO 28785 --- [ionShutdownHook] com.zaxxer.hikari.HikariDataSource       : HikariPool-1 - Shutdown initiated...
2026-03-09T19:54:22.136+05:30  INFO 28785 --- [ionShutdownHook] com.zaxxer.hikari.HikariDataSource       : HikariPool-1 - Shutdown completed.
